<?xml version="1.0" encoding="UTF-8"?>
<!-- Generated by org.testng.reporters.JUnitReportReporter -->
<testsuite hostname="DESKTOP-68OQ1K7" failures="0" tests="1" name="stringProgramm.StringRev" time="0.033" errors="0" timestamp="2022-05-30T16:10:38 IST" skipped="0">
  <testcase classname="stringProgramm.StringRev" name="man" time="0.033"/>
  <system-out/>
</testsuite> <!-- stringProgramm.StringRev -->
